<?xml version="1.0" encoding="UTF-8"?>
<!-- Generated by org.testng.reporters.JUnitReportReporter -->
<testsuite hostname="LAPTOP-BMG3IF9N" failures="0" tests="1" name="tests.Test_01_RegistrationValid" time="75.226" errors="0" timestamp="2023-01-02T15:17:41 CET" skipped="0">
  <testcase classname="tests.Test_01_RegistrationValid" name="registration_vallid" time="75.226"/>
  <system-out/>
</testsuite> <!-- tests.Test_01_RegistrationValid -->
