<?xml version="1.0" encoding="UTF-8"?>
<!-- Generated by org.testng.reporters.JUnitReportReporter -->
<testsuite hostname="LAPTOP-BMG3IF9N" failures="0" tests="1" name="tests.Test_01_VallidLogin" time="7.310" errors="0" timestamp="2022-12-31T18:05:00 CET" skipped="0">
  <testcase classname="tests.Test_01_VallidLogin" name="login_vallid" time="7.310"/>
  <system-out/>
</testsuite> <!-- tests.Test_01_VallidLogin -->
