<?xml version="1.0" encoding="UTF-8"?>
<!-- Generated by org.testng.reporters.JUnitReportReporter -->
<testsuite hostname="LAPTOP-BMG3IF9N" failures="0" tests="1" name="tests.Test_01_RegistrationValid" time="11.410" errors="0" timestamp="2023-01-01T10:39:11 CET" skipped="0">
  <testcase classname="tests.Test_01_RegistrationValid" name="registration_vallid" time="11.410"/>
  <system-out/>
</testsuite> <!-- tests.Test_01_RegistrationValid -->
