<?xml version="1.0" encoding="UTF-8"?>
<!-- Generated by org.testng.reporters.JUnitReportReporter -->
<testsuite hostname="LAPTOP-BMG3IF9N" failures="0" tests="1" name="tests.Test_03_VallidLogin" time="10.025" errors="0" timestamp="2023-01-01T10:39:11 CET" skipped="0">
  <testcase classname="tests.Test_03_VallidLogin" name="login_vallid" time="10.025"/>
  <system-out/>
</testsuite> <!-- tests.Test_03_VallidLogin -->
