<?xml version="1.0" encoding="UTF-8"?>
<!-- Generated by org.testng.reporters.JUnitReportReporter -->
<testsuite hostname="LAPTOP-BMG3IF9N" failures="0" tests="1" name="tests.Test_02_InvallidLogin" time="4.059" errors="0" timestamp="2022-12-31T18:05:00 CET" skipped="0">
  <testcase classname="tests.Test_02_InvallidLogin" name="login_invallid" time="4.059"/>
  <system-out/>
</testsuite> <!-- tests.Test_02_InvallidLogin -->
